2026-04-01 19:58:21 | INFO     | PID:19932 | agentkernel_distributed.mas.controller.controller:save_to_db:148 - Controller: Starting to save state to database (scope: agents)...
2026-04-01 19:58:21 | INFO     | PID:27008 | agentkernel_distributed.mas.controller.controller:save_to_db:148 - Controller: Starting to save state to database (scope: agents)...
2026-04-01 19:58:21 | INFO     | PID:4232 | agentkernel_distributed.mas.controller.controller:save_to_db:148 - Controller: Starting to save state to database (scope: agents)...
2026-04-01 19:58:21 | INFO     | PID:39612 | agentkernel_distributed.mas.controller.controller:save_to_db:148 - Controller: Starting to save state to database (scope: agents)...
2026-04-01 19:58:21 | INFO     | PID:39612 | agentkernel_distributed.mas.controller.controller:save_to_db:175 - Controller: All component states for scope 'agents' saved successfully.
2026-04-01 19:58:21 | INFO     | PID:27008 | agentkernel_distributed.mas.controller.controller:save_to_db:175 - Controller: All component states for scope 'agents' saved successfully.
2026-04-01 19:58:21 | INFO     | PID:6404 | agentkernel_distributed.mas.controller.controller:save_to_db:175 - Controller: All component states for scope 'agents' saved successfully.
2026-04-01 19:58:21 | INFO     | PID:19932 | agentkernel_distributed.mas.controller.controller:save_to_db:175 - Controller: All component states for scope 'agents' saved successfully.
2026-04-01 19:58:21 | INFO     | PID:4232 | agentkernel_distributed.mas.controller.controller:save_to_db:175 - Controller: All component states for scope 'agents' saved successfully.
2026-04-01 19:58:21 | INFO     | PID:28860 | agentkernel_distributed.mas.controller.controller:save_to_db:175 - Controller: All component states for scope 'all' saved successfully.
2026-04-01 20:02:17 | INFO     | PID:5828 | agentkernel_distributed.mas.controller.controller:save_to_db:148 - Controller: Starting to save state to database (scope: agents)...
2026-04-01 20:02:17 | INFO     | PID:40084 | agentkernel_distributed.mas.controller.controller:save_to_db:148 - Controller: Starting to save state to database (scope: agents)...
2026-04-01 20:02:17 | INFO     | PID:27328 | agentkernel_distributed.mas.controller.controller:save_to_db:148 - Controller: Starting to save state to database (scope: agents)...
2026-04-01 20:02:17 | INFO     | PID:3368 | agentkernel_distributed.mas.controller.controller:save_to_db:148 - Controller: Starting to save state to database (scope: agents)...
2026-04-01 20:02:17 | INFO     | PID:39268 | agentkernel_distributed.mas.controller.controller:save_to_db:148 - Controller: Starting to save state to database (scope: agents)...
2026-04-01 20:02:17 | INFO     | PID:39268 | agentkernel_distributed.mas.controller.controller:save_to_db:175 - Controller: All component states for scope 'agents' saved successfully.
2026-04-01 20:02:17 | INFO     | PID:5828 | agentkernel_distributed.mas.controller.controller:save_to_db:175 - Controller: All component states for scope 'agents' saved successfully.
2026-04-01 20:02:17 | INFO     | PID:3368 | agentkernel_distributed.mas.controller.controller:save_to_db:175 - Controller: All component states for scope 'agents' saved successfully.
2026-04-01 20:02:17 | INFO     | PID:27328 | agentkernel_distributed.mas.controller.controller:save_to_db:175 - Controller: All component states for scope 'agents' saved successfully.
2026-04-01 20:02:17 | INFO     | PID:40084 | agentkernel_distributed.mas.controller.controller:save_to_db:175 - Controller: All component states for scope 'agents' saved successfully.
2026-04-01 20:02:17 | INFO     | PID:37184 | agentkernel_distributed.mas.controller.controller:save_to_db:175 - Controller: All component states for scope 'all' saved successfully.
2026-04-01 22:25:51 | INFO     | PID:44316 | agentkernel_distributed.mas.controller.controller:save_to_db:148 - Controller: Starting to save state to database (scope: all)...
2026-04-01 22:25:51 | INFO     | PID:44492 | agentkernel_distributed.mas.controller.controller:save_to_db:148 - Controller: Starting to save state to database (scope: agents)...
2026-04-01 22:25:51 | INFO     | PID:44508 | agentkernel_distributed.mas.controller.controller:save_to_db:148 - Controller: Starting to save state to database (scope: agents)...
2026-04-01 22:25:51 | INFO     | PID:44476 | agentkernel_distributed.mas.controller.controller:save_to_db:148 - Controller: Starting to save state to database (scope: agents)...
2026-04-01 22:25:51 | INFO     | PID:44500 | agentkernel_distributed.mas.controller.controller:save_to_db:148 - Controller: Starting to save state to database (scope: agents)...
2026-04-01 22:25:51 | INFO     | PID:44484 | agentkernel_distributed.mas.controller.controller:save_to_db:148 - Controller: Starting to save state to database (scope: agents)...
2026-04-01 22:25:51 | INFO     | PID:44484 | agentkernel_distributed.mas.controller.controller:save_to_db:175 - Controller: All component states for scope 'agents' saved successfully.
2026-04-01 22:25:51 | INFO     | PID:44492 | agentkernel_distributed.mas.controller.controller:save_to_db:175 - Controller: All component states for scope 'agents' saved successfully.
2026-04-01 22:25:51 | INFO     | PID:44476 | agentkernel_distributed.mas.controller.controller:save_to_db:175 - Controller: All component states for scope 'agents' saved successfully.
2026-04-01 22:25:51 | INFO     | PID:44508 | agentkernel_distributed.mas.controller.controller:save_to_db:175 - Controller: All component states for scope 'agents' saved successfully.
2026-04-01 22:25:51 | INFO     | PID:44500 | agentkernel_distributed.mas.controller.controller:save_to_db:175 - Controller: All component states for scope 'agents' saved successfully.
2026-04-01 22:25:51 | INFO     | PID:44316 | agentkernel_distributed.mas.controller.controller:save_to_db:175 - Controller: All component states for scope 'all' saved successfully.
2026-04-01 22:46:55 | INFO     | PID:45608 | agentkernel_distributed.mas.controller.controller:save_to_db:148 - Controller: Starting to save state to database (scope: agents)...
2026-04-01 22:46:55 | INFO     | PID:46432 | agentkernel_distributed.mas.controller.controller:save_to_db:148 - Controller: Starting to save state to database (scope: agents)...
2026-04-01 22:46:55 | INFO     | PID:41568 | agentkernel_distributed.mas.controller.controller:save_to_db:148 - Controller: Starting to save state to database (scope: agents)...
2026-04-01 22:46:55 | INFO     | PID:42664 | agentkernel_distributed.mas.controller.controller:save_to_db:148 - Controller: Starting to save state to database (scope: agents)...
2026-04-01 22:46:55 | INFO     | PID:46384 | agentkernel_distributed.mas.controller.controller:save_to_db:148 - Controller: Starting to save state to database (scope: agents)...
2026-04-01 22:46:55 | INFO     | PID:46384 | agentkernel_distributed.mas.controller.controller:save_to_db:175 - Controller: All component states for scope 'agents' saved successfully.
2026-04-01 22:46:55 | INFO     | PID:45608 | agentkernel_distributed.mas.controller.controller:save_to_db:175 - Controller: All component states for scope 'agents' saved successfully.
2026-04-01 22:46:55 | INFO     | PID:46432 | agentkernel_distributed.mas.controller.controller:save_to_db:175 - Controller: All component states for scope 'agents' saved successfully.
2026-04-01 22:46:55 | INFO     | PID:41568 | agentkernel_distributed.mas.controller.controller:save_to_db:175 - Controller: All component states for scope 'agents' saved successfully.
2026-04-01 22:46:55 | INFO     | PID:42664 | agentkernel_distributed.mas.controller.controller:save_to_db:175 - Controller: All component states for scope 'agents' saved successfully.
2026-04-01 22:46:55 | INFO     | PID:46880 | agentkernel_distributed.mas.controller.controller:save_to_db:175 - Controller: All component states for scope 'all' saved successfully.
2026-04-01 23:07:20 | INFO     | PID:42424 | agentkernel_distributed.mas.controller.controller:save_to_db:148 - Controller: Starting to save state to database (scope: all)...
2026-04-01 23:07:20 | INFO     | PID:43968 | agentkernel_distributed.mas.controller.controller:save_to_db:148 - Controller: Starting to save state to database (scope: agents)...2026-04-01 23:07:20 | INFO     | PID:9668 | agentkernel_distributed.mas.controller.controller:save_to_db:148 - Controller: Starting to save state to database (scope: agents)...
2026-04-01 23:07:20 | INFO     | PID:8880 | agentkernel_distributed.mas.controller.controller:save_to_db:175 - Controller: All component states for scope 'agents' saved successfully.
2026-04-01 23:07:20 | INFO     | PID:9668 | agentkernel_distributed.mas.controller.controller:save_to_db:175 - Controller: All component states for scope 'agents' saved successfully.
2026-04-01 23:07:20 | INFO     | PID:4380 | agentkernel_distributed.mas.controller.controller:save_to_db:175 - Controller: All component states for scope 'agents' saved successfully.
2026-04-01 23:07:20 | INFO     | PID:43968 | agentkernel_distributed.mas.controller.controller:save_to_db:175 - Controller: All component states for scope 'agents' saved successfully.
2026-04-01 23:07:20 | INFO     | PID:47240 | agentkernel_distributed.mas.controller.controller:save_to_db:175 - Controller: All component states for scope 'agents' saved successfully.
2026-04-01 23:07:20 | INFO     | PID:42424 | agentkernel_distributed.mas.controller.controller:save_to_db:175 - Controller: All component states for scope 'all' saved successfully.
2026-04-10 16:38:13 | INFO     | PID:557148 | agentkernel_distributed.mas.controller.controller:save_to_db:148 - Controller: Starting to save state to database (scope: all)...
2026-04-10 16:38:13 | INFO     | PID:559228 | agentkernel_distributed.mas.controller.controller:save_to_db:148 - Controller: Starting to save state to database (scope: agents)...
2026-04-10 16:38:13 | INFO     | PID:566008 | agentkernel_distributed.mas.controller.controller:save_to_db:148 - Controller: Starting to save state to database (scope: agents)...
2026-04-10 16:38:13 | INFO     | PID:568160 | agentkernel_distributed.mas.controller.controller:save_to_db:148 - Controller: Starting to save state to database (scope: agents)...
2026-04-10 16:38:13 | INFO     | PID:568312 | agentkernel_distributed.mas.controller.controller:save_to_db:148 - Controller: Starting to save state to database (scope: agents)...
2026-04-10 16:38:13 | INFO     | PID:573952 | agentkernel_distributed.mas.controller.controller:save_to_db:148 - Controller: Starting to save state to database (scope: agents)...
2026-04-10 16:38:13 | INFO     | PID:573952 | agentkernel_distributed.mas.controller.controller:save_to_db:175 - Controller: All component states for scope 'agents' saved successfully.
2026-04-10 16:38:13 | INFO     | PID:559228 | agentkernel_distributed.mas.controller.controller:save_to_db:175 - Controller: All component states for scope 'agents' saved successfully.
2026-04-10 16:38:13 | INFO     | PID:566008 | agentkernel_distributed.mas.controller.controller:save_to_db:175 - Controller: All component states for scope 'agents' saved successfully.
2026-04-10 16:38:13 | INFO     | PID:568312 | agentkernel_distributed.mas.controller.controller:save_to_db:175 - Controller: All component states for scope 'agents' saved successfully.
2026-04-10 16:38:13 | INFO     | PID:568160 | agentkernel_distributed.mas.controller.controller:save_to_db:175 - Controller: All component states for scope 'agents' saved successfully.
2026-04-10 16:38:13 | INFO     | PID:557148 | agentkernel_distributed.mas.controller.controller:save_to_db:175 - Controller: All component states for scope 'all' saved successfully.
2026-04-10 17:06:24 | INFO     | PID:517456 | agentkernel_distributed.mas.controller.controller:save_to_db:148 - Controller: Starting to save state to database (scope: all)...
2026-04-10 17:06:24 | INFO     | PID:552224 | agentkernel_distributed.mas.controller.controller:save_to_db:148 - Controller: Starting to save state to database (scope: agents)...
2026-04-10 17:06:24 | INFO     | PID:556072 | agentkernel_distributed.mas.controller.controller:save_to_db:148 - Controller: Starting to save state to database (scope: agents)...
2026-04-10 17:06:24 | INFO     | PID:573996 | agentkernel_distributed.mas.controller.controller:save_to_db:148 - Controller: Starting to save state to database (scope: agents)...
2026-04-10 17:06:24 | INFO     | PID:560756 | agentkernel_distributed.mas.controller.controller:save_to_db:148 - Controller: Starting to save state to database (scope: agents)...
2026-04-10 17:06:24 | INFO     | PID:565008 | agentkernel_distributed.mas.controller.controller:save_to_db:148 - Controller: Starting to save state to database (scope: agents)...
2026-04-10 17:06:24 | INFO     | PID:565008 | agentkernel_distributed.mas.controller.controller:save_to_db:175 - Controller: All component states for scope 'agents' saved successfully.
2026-04-10 17:06:24 | INFO     | PID:560756 | agentkernel_distributed.mas.controller.controller:save_to_db:175 - Controller: All component states for scope 'agents' saved successfully.
2026-04-10 17:06:24 | INFO     | PID:552224 | agentkernel_distributed.mas.controller.controller:save_to_db:175 - Controller: All component states for scope 'agents' saved successfully.
2026-04-10 17:06:24 | INFO     | PID:573996 | agentkernel_distributed.mas.controller.controller:save_to_db:175 - Controller: All component states for scope 'agents' saved successfully.
2026-04-10 17:06:24 | INFO     | PID:556072 | agentkernel_distributed.mas.controller.controller:save_to_db:175 - Controller: All component states for scope 'agents' saved successfully.
2026-04-10 17:06:24 | INFO     | PID:517456 | agentkernel_distributed.mas.controller.controller:save_to_db:175 - Controller: All component states for scope 'all' saved successfully.
2026-04-10 18:28:17 | INFO     | PID:158096 | agentkernel_distributed.mas.controller.controller:save_to_db:148 - Controller: Starting to save state to database (scope: all)...
2026-04-10 18:28:17 | INFO     | PID:150204 | agentkernel_distributed.mas.controller.controller:save_to_db:148 - Controller: Starting to save state to database (scope: agents)...
2026-04-10 18:28:17 | INFO     | PID:28768 | agentkernel_distributed.mas.controller.controller:save_to_db:148 - Controller: Starting to save state to database (scope: agents)...
2026-04-10 18:28:17 | INFO     | PID:158776 | agentkernel_distributed.mas.controller.controller:save_to_db:148 - Controller: Starting to save state to database (scope: agents)...
2026-04-10 18:28:17 | INFO     | PID:165688 | agentkernel_distributed.mas.controller.controller:save_to_db:148 - Controller: Starting to save state to database (scope: agents)...
2026-04-10 18:28:17 | INFO     | PID:12148 | agentkernel_distributed.mas.controller.controller:save_to_db:148 - Controller: Starting to save state to database (scope: agents)...
2026-04-10 18:28:17 | INFO     | PID:165688 | agentkernel_distributed.mas.controller.controller:save_to_db:175 - Controller: All component states for scope 'agents' saved successfully.
2026-04-10 18:28:17 | INFO     | PID:28768 | agentkernel_distributed.mas.controller.controller:save_to_db:175 - Controller: All component states for scope 'agents' saved successfully.
2026-04-10 18:28:17 | INFO     | PID:150204 | agentkernel_distributed.mas.controller.controller:save_to_db:175 - Controller: All component states for scope 'agents' saved successfully.
2026-04-10 18:28:17 | INFO     | PID:158776 | agentkernel_distributed.mas.controller.controller:save_to_db:175 - Controller: All component states for scope 'agents' saved successfully.
2026-04-10 18:28:17 | INFO     | PID:12148 | agentkernel_distributed.mas.controller.controller:save_to_db:175 - Controller: All component states for scope 'agents' saved successfully.
2026-04-10 18:28:17 | INFO     | PID:158096 | agentkernel_distributed.mas.controller.controller:save_to_db:175 - Controller: All component states for scope 'all' saved successfully.
