2026-04-01 19:48:20 | INFO     | PID:35688 | agentkernel_distributed.mas.environment.base.component_base:init:67 - Plugin 'BasicRelationPlugin' for component 'relation' initialized successfully.
2026-04-01 19:58:21 | INFO     | PID:28860 | agentkernel_distributed.mas.environment.base.component_base:init:67 - Plugin 'BasicRelationPlugin' for component 'relation' initialized successfully.
2026-04-01 19:58:21 | INFO     | PID:19932 | agentkernel_distributed.mas.environment.base.component_base:init:67 - Plugin 'BasicRelationPlugin' for component 'relation' initialized successfully.
2026-04-01 19:58:21 | INFO     | PID:6404 | agentkernel_distributed.mas.environment.base.component_base:init:67 - Plugin 'BasicRelationPlugin' for component 'relation' initialized successfully.
2026-04-01 19:58:21 | INFO     | PID:27008 | agentkernel_distributed.mas.environment.base.component_base:init:67 - Plugin 'BasicRelationPlugin' for component 'relation' initialized successfully.
2026-04-01 19:58:21 | INFO     | PID:4232 | agentkernel_distributed.mas.environment.base.component_base:init:67 - Plugin 'BasicRelationPlugin' for component 'relation' initialized successfully.
2026-04-01 19:58:21 | INFO     | PID:39612 | agentkernel_distributed.mas.environment.base.component_base:init:67 - Plugin 'BasicRelationPlugin' for component 'relation' initialized successfully.
2026-04-01 19:58:21 | INFO     | PID:28860 | agentkernel_distributed.mas.environment.environment:save_to_db:82 - Environment Proxy: Saving state for 1 components...
2026-04-01 19:58:21 | ERROR    | PID:28860 | agentkernel_distributed.mas.environment.environment:save_to_db:89 - Environment Proxy: Error during concurrent component save: Plugin BasicRelationPlugin does not implement 'save_to_db'
Traceback (most recent call last):
  File "D:\Research\OpenStory\packages\agentkernel-distributed\agentkernel_distributed\mas\environment\environment.py", line 86, in save_to_db
    await asyncio.gather(*save_tasks)
  File "D:\Research\OpenStory\packages\agentkernel-distributed\agentkernel_distributed\mas\environment\base\component_base.py", line 124, in forward
    return await method_to_call(*args, **kwargs)
           ^^^^^^^^^^^^^^^^^^^^^^^^^^^^^^^^^^^^^
  File "D:\Research\OpenStory\packages\agentkernel-distributed\agentkernel_distributed\mas\environment\base\plugin_base.py", line 41, in save_to_db
    raise NotImplementedError(f"Plugin {self.__class__.__name__} does not implement 'save_to_db'")
NotImplementedError: Plugin BasicRelationPlugin does not implement 'save_to_db'
2026-04-01 19:58:24 | INFO     | PID:28860 | agentkernel_distributed.mas.environment.base.component_base:post_init:75 - Actor 'relation' and its plugins initialized.
2026-04-01 19:58:24 | INFO     | PID:28860 | agentkernel_distributed.mas.environment.environment:post_init:60 - Environment Proxy: All components initialized.
2026-04-01 19:58:24 | INFO     | PID:19932 | agentkernel_distributed.mas.environment.base.component_base:post_init:75 - Actor 'relation' and its plugins initialized.
2026-04-01 19:58:24 | INFO     | PID:19932 | agentkernel_distributed.mas.environment.environment:post_init:60 - Environment Proxy: All components initialized.
2026-04-01 19:58:24 | INFO     | PID:6404 | agentkernel_distributed.mas.environment.base.component_base:post_init:75 - Actor 'relation' and its plugins initialized.
2026-04-01 19:58:24 | INFO     | PID:27008 | agentkernel_distributed.mas.environment.base.component_base:post_init:75 - Actor 'relation' and its plugins initialized.
2026-04-01 19:58:24 | INFO     | PID:6404 | agentkernel_distributed.mas.environment.environment:post_init:60 - Environment Proxy: All components initialized.
ized.
2026-04-01 19:58:24 | INFO     | PID:27008 | agentkernel_distributed.mas.environment.environment:post_init:60 - Environment Proxy: All components initialized.
2026-04-01 19:58:24 | INFO     | PID:4232 | agentkernel_distributed.mas.environment.environment:post_init:60 - Environment Proxy: All components initialized.
lized.
2026-04-01 19:58:24 | INFO     | PID:39612 | agentkernel_distributed.mas.environment.environment:post_init:60 - Environment Proxy: All components initialized.
2026-04-01 20:02:17 | INFO     | PID:37184 | agentkernel_distributed.mas.environment.base.component_base:init:67 - Plugin 'BasicRelationPlugin' for component 'relation' initialized successfully.
2026-04-01 20:02:17 | INFO     | PID:5828 | agentkernel_distributed.mas.environment.base.component_base:init:67 - Plugin 'BasicRelationPlugin' for component 'relation' initialized successfully.
2026-04-01 20:02:17 | INFO     | PID:27328 | agentkernel_distributed.mas.environment.base.component_base:init:67 - Plugin 'BasicRelationPlugin' for component 'relation' initialized successfully.
2026-04-01 20:02:17 | INFO     | PID:3368 | agentkernel_distributed.mas.environment.base.component_base:init:67 - Plugin 'BasicRelationPlugin' for component 'relation' initialized successfully.
2026-04-01 20:02:17 | INFO     | PID:40084 | agentkernel_distributed.mas.environment.base.component_base:init:67 - Plugin 'BasicRelationPlugin' for component 'relation' initialized successfully.
2026-04-01 20:02:17 | INFO     | PID:39268 | agentkernel_distributed.mas.environment.base.component_base:init:67 - Plugin 'BasicRelationPlugin' for component 'relation' initialized successfully.
2026-04-01 20:02:17 | INFO     | PID:37184 | agentkernel_distributed.mas.environment.environment:save_to_db:82 - Environment Proxy: Saving state for 1 components...
2026-04-01 20:02:17 | ERROR    | PID:37184 | agentkernel_distributed.mas.environment.environment:save_to_db:89 - Environment Proxy: Error during concurrent component save: Plugin BasicRelationPlugin does not implement 'save_to_db'
Traceback (most recent call last):
  File "D:\Research\OpenStory\packages\agentkernel-distributed\agentkernel_distributed\mas\environment\environment.py", line 86, in save_to_db
    await asyncio.gather(*save_tasks)
  File "D:\Research\OpenStory\packages\agentkernel-distributed\agentkernel_distributed\mas\environment\base\component_base.py", line 124, in forward
    return await method_to_call(*args, **kwargs)
           ^^^^^^^^^^^^^^^^^^^^^^^^^^^^^^^^^^^^^
  File "D:\Research\OpenStory\packages\agentkernel-distributed\agentkernel_distributed\mas\environment\base\plugin_base.py", line 41, in save_to_db
    raise NotImplementedError(f"Plugin {self.__class__.__name__} does not implement 'save_to_db'")
NotImplementedError: Plugin BasicRelationPlugin does not implement 'save_to_db'
2026-04-01 20:02:20 | INFO     | PID:5828 | agentkernel_distributed.mas.environment.base.component_base:post_init:75 - Actor 'relation' and its plugins initialized.
2026-04-01 20:02:20 | INFO     | PID:40084 | agentkernel_distributed.mas.environment.base.component_base:post_init:75 - Actor 'relation' and its plugins initialized.
2026-04-01 20:02:20 | INFO     | PID:5828 | agentkernel_distributed.mas.environment.environment:post_init:60 - Environment Proxy: All components initialized.
2026-04-01 20:02:20 | INFO     | PID:40084 | agentkernel_distributed.mas.environment.environment:post_init:60 - Environment Proxy: All components initialized.
2026-04-01 20:02:20 | INFO     | PID:37184 | agentkernel_distributed.mas.environment.base.component_base:post_init:75 - Actor 'relation' and its plugins initialized.
2026-04-01 20:02:20 | INFO     | PID:37184 | agentkernel_distributed.mas.environment.environment:post_init:60 - Environment Proxy: All components initialized.
2026-04-01 20:02:20 | INFO     | PID:27328 | agentkernel_distributed.mas.environment.base.component_base:post_init:75 - Actor 'relation' and its plugins initialized.
2026-04-01 20:02:20 | INFO     | PID:27328 | agentkernel_distributed.mas.environment.environment:post_init:60 - Environment Proxy: All components initialized.
2026-04-01 20:02:20 | INFO     | PID:39268 | agentkernel_distributed.mas.environment.base.component_base:post_init:75 - Actor 'relation' and its plugins initialized.
2026-04-01 20:02:20 | INFO     | PID:3368 | agentkernel_distributed.mas.environment.base.component_base:post_init:75 - Actor 'relation' and its plugins initialized.
2026-04-01 20:02:20 | INFO     | PID:39268 | agentkernel_distributed.mas.environment.environment:post_init:60 - Environment Proxy: All components initialized.
2026-04-01 20:02:20 | INFO     | PID:3368 | agentkernel_distributed.mas.environment.environment:post_init:60 - Environment Proxy: All components initialized.
2026-04-01 22:25:51 | INFO     | PID:44316 | agentkernel_distributed.mas.environment.base.component_base:init:67 - Plugin 'BasicRelationPlugin' for component 'relation' initialized successfully.
2026-04-01 22:25:51 | INFO     | PID:44508 | agentkernel_distributed.mas.environment.base.component_base:init:67 - Plugin 'BasicRelationPlugin' for component 'relation' initialized successfully.
2026-04-01 22:25:51 | INFO     | PID:44500 | agentkernel_distributed.mas.environment.base.component_base:init:67 - Plugin 'BasicRelationPlugin' for component 'relation' initialized successfully.
2026-04-01 22:25:51 | INFO     | PID:44492 | agentkernel_distributed.mas.environment.base.component_base:init:67 - Plugin 'BasicRelationPlugin' for component 'relation' initialized successfully.
2026-04-01 22:25:51 | INFO     | PID:44476 | agentkernel_distributed.mas.environment.base.component_base:init:67 - Plugin 'BasicRelationPlugin' for component 'relation' initialized successfully.
2026-04-01 22:25:51 | INFO     | PID:44484 | agentkernel_distributed.mas.environment.base.component_base:init:67 - Plugin 'BasicRelationPlugin' for component 'relation' initialized successfully.
2026-04-01 22:25:51 | INFO     | PID:44316 | agentkernel_distributed.mas.environment.environment:save_to_db:82 - Environment Proxy: Saving state for 1 components...
2026-04-01 22:25:51 | ERROR    | PID:44316 | agentkernel_distributed.mas.environment.environment:save_to_db:89 - Environment Proxy: Error during concurrent component save: Plugin BasicRelationPlugin does not implement 'save_to_db'
Traceback (most recent call last):
  File "D:\Research\OpenStory\packages\agentkernel-distributed\agentkernel_distributed\mas\environment\environment.py", line 86, in save_to_db
    await asyncio.gather(*save_tasks)
  File "D:\Research\OpenStory\packages\agentkernel-distributed\agentkernel_distributed\mas\environment\base\component_base.py", line 124, in forward
    return await method_to_call(*args, **kwargs)
           ^^^^^^^^^^^^^^^^^^^^^^^^^^^^^^^^^^^^^
  File "D:\Research\OpenStory\packages\agentkernel-distributed\agentkernel_distributed\mas\environment\base\plugin_base.py", line 41, in save_to_db
    raise NotImplementedError(f"Plugin {self.__class__.__name__} does not implement 'save_to_db'")
NotImplementedError: Plugin BasicRelationPlugin does not implement 'save_to_db'
2026-04-01 22:25:55 | INFO     | PID:44316 | agentkernel_distributed.mas.environment.base.component_base:post_init:75 - Actor 'relation' and its plugins initialized.
2026-04-01 22:25:55 | INFO     | PID:44316 | agentkernel_distributed.mas.environment.environment:post_init:60 - Environment Proxy: All components initialized.
2026-04-01 22:25:55 | INFO     | PID:44508 | agentkernel_distributed.mas.environment.base.component_base:post_init:75 - Actor 'relation' and its plugins initialized.
2026-04-01 22:25:55 | INFO     | PID:44500 | agentkernel_distributed.mas.environment.base.component_base:post_init:75 - Actor 'relation' and its plugins initialized.
2026-04-01 22:25:55 | INFO     | PID:44508 | agentkernel_distributed.mas.environment.environment:post_init:60 - Environment Proxy: All components initialized.
2026-04-01 22:25:55 | INFO     | PID:44500 | agentkernel_distributed.mas.environment.environment:post_init:60 - Environment Proxy: All components initialized.
2026-04-01 22:25:55 | INFO     | PID:44492 | agentkernel_distributed.mas.environment.base.component_base:post_init:75 - Actor 'relation' and its plugins initialized.
2026-04-01 22:25:55 | INFO     | PID:44492 | agentkernel_distributed.mas.environment.environment:post_init:60 - Environment Proxy: All components initialized.
2026-04-01 22:25:55 | INFO     | PID:44476 | agentkernel_distributed.mas.environment.base.component_base:post_init:75 - Actor 'relation' and its plugins initialized.
2026-04-01 22:25:55 | INFO     | PID:44476 | agentkernel_distributed.mas.environment.environment:post_init:60 - Environment Proxy: All components initialized.
2026-04-01 22:25:55 | INFO     | PID:44484 | agentkernel_distributed.mas.environment.base.component_base:post_init:75 - Actor 'relation' and its plugins initialized.
2026-04-01 22:25:55 | INFO     | PID:44484 | agentkernel_distributed.mas.environment.environment:post_init:60 - Environment Proxy: All components initialized.
2026-04-01 22:46:54 | INFO     | PID:46880 | agentkernel_distributed.mas.environment.base.component_base:init:67 - Plugin 'BasicRelationPlugin' for component 'relation' initialized successfully.
2026-04-01 22:46:55 | INFO     | PID:45608 | agentkernel_distributed.mas.environment.base.component_base:init:67 - Plugin 'BasicRelationPlugin' for component 'relation' initialized successfully.
2026-04-01 22:46:55 | INFO     | PID:46432 | agentkernel_distributed.mas.environment.base.component_base:init:67 - Plugin 'BasicRelationPlugin' for component 'relation' initialized successfully.
2026-04-01 22:46:55 | INFO     | PID:42664 | agentkernel_distributed.mas.environment.base.component_base:init:67 - Plugin 'BasicRelationPlugin' for component 'relation' initialized successfully.
2026-04-01 22:46:55 | INFO     | PID:41568 | agentkernel_distributed.mas.environment.base.component_base:init:67 - Plugin 'BasicRelationPlugin' for component 'relation' initialized successfully.
2026-04-01 22:46:55 | INFO     | PID:46384 | agentkernel_distributed.mas.environment.base.component_base:init:67 - Plugin 'BasicRelationPlugin' for component 'relation' initialized successfully.
2026-04-01 22:46:55 | INFO     | PID:46880 | agentkernel_distributed.mas.environment.environment:save_to_db:82 - Environment Proxy: Saving state for 1 components...
2026-04-01 22:46:55 | ERROR    | PID:46880 | agentkernel_distributed.mas.environment.environment:save_to_db:89 - Environment Proxy: Error during concurrent component save: Plugin BasicRelationPlugin does not implement 'save_to_db'
Traceback (most recent call last):
  File "D:\Research\OpenStory\packages\agentkernel-distributed\agentkernel_distributed\mas\environment\environment.py", line 86, in save_to_db
    await asyncio.gather(*save_tasks)
  File "D:\Research\OpenStory\packages\agentkernel-distributed\agentkernel_distributed\mas\environment\base\component_base.py", line 124, in forward
    return await method_to_call(*args, **kwargs)
           ^^^^^^^^^^^^^^^^^^^^^^^^^^^^^^^^^^^^^
  File "D:\Research\OpenStory\packages\agentkernel-distributed\agentkernel_distributed\mas\environment\base\plugin_base.py", line 41, in save_to_db
    raise NotImplementedError(f"Plugin {self.__class__.__name__} does not implement 'save_to_db'")
NotImplementedError: Plugin BasicRelationPlugin does not implement 'save_to_db'
2026-04-01 22:46:59 | INFO     | PID:46432 | agentkernel_distributed.mas.environment.base.component_base:post_init:75 - Actor 'relation' and its plugins initialized.
2026-04-01 22:46:59 | INFO     | PID:46432 | agentkernel_distributed.mas.environment.environment:post_init:60 - Environment Proxy: All components initialized.
2026-04-01 22:46:59 | INFO     | PID:45608 | agentkernel_distributed.mas.environment.base.component_base:post_init:75 - Actor 'relation' and its plugins initialized.
2026-04-01 22:46:59 | INFO     | PID:45608 | agentkernel_distributed.mas.environment.environment:post_init:60 - Environment Proxy: All components initialized.
2026-04-01 22:46:59 | INFO     | PID:46880 | agentkernel_distributed.mas.environment.base.component_base:post_init:75 - Actor 'relation' and its plugins initialized.
2026-04-01 22:46:59 | INFO     | PID:41568 | agentkernel_distributed.mas.environment.base.component_base:post_init:75 - Actor 'relation' and its plugins initialized.
2026-04-01 22:46:59 | INFO     | PID:46880 | agentkernel_distributed.mas.environment.environment:post_init:60 - Environment Proxy: All components initialized.
2026-04-01 22:46:59 | INFO     | PID:41568 | agentkernel_distributed.mas.environment.environment:post_init:60 - Environment Proxy: All components initialized.
2026-04-01 22:46:59 | INFO     | PID:42664 | agentkernel_distributed.mas.environment.base.component_base:post_init:75 - Actor 'relation' and its plugins initialized.
2026-04-01 22:46:59 | INFO     | PID:42664 | agentkernel_distributed.mas.environment.environment:post_init:60 - Environment Proxy: All components initialized.
2026-04-01 22:46:59 | INFO     | PID:46384 | agentkernel_distributed.mas.environment.base.component_base:post_init:75 - Actor 'relation' and its plugins initialized.
2026-04-01 22:46:59 | INFO     | PID:46384 | agentkernel_distributed.mas.environment.environment:post_init:60 - Environment Proxy: All components initialized.
2026-04-01 23:07:20 | INFO     | PID:42424 | agentkernel_distributed.mas.environment.base.component_base:init:67 - Plugin 'BasicRelationPlugin' for component 'relation' initialized successfully.
2026-04-01 23:07:20 | INFO     | PID:4380 | agentkernel_distributed.mas.environment.base.component_base:init:67 - Plugin 'BasicRelationPlugin' for component 'relation' initialized successfully.
2026-04-01 23:07:20 | INFO     | PID:9668 | agentkernel_distributed.mas.environment.base.component_base:init:67 - Plugin 'BasicRelationPlugin' for component 'relation' initialized successfully.
2026-04-01 23:07:20 | INFO     | PID:43968 | agentkernel_distributed.mas.environment.base.component_base:init:67 - Plugin 'BasicRelationPlugin' for component 'relation' initialized successfully.
2026-04-01 23:07:20 | INFO     | PID:47240 | agentkernel_distributed.mas.environment.base.component_base:init:67 - Plugin 'BasicRelationPlugin' for component 'relation' initialized successfully.
2026-04-01 23:07:20 | INFO     | PID:8880 | agentkernel_distributed.mas.environment.base.component_base:init:67 - Plugin 'BasicRelationPlugin' for component 'relation' initialized successfully.
2026-04-01 23:07:20 | INFO     | PID:42424 | agentkernel_distributed.mas.environment.environment:save_to_db:82 - Environment Proxy: Saving state for 1 components...
2026-04-01 23:07:20 | ERROR    | PID:42424 | agentkernel_distributed.mas.environment.environment:save_to_db:89 - Environment Proxy: Error during concurrent component save: Plugin BasicRelationPlugin does not implement 'save_to_db'
Traceback (most recent call last):
  File "D:\Research\OpenStory\packages\agentkernel-distributed\agentkernel_distributed\mas\environment\environment.py", line 86, in save_to_db
    await asyncio.gather(*save_tasks)
  File "D:\Research\OpenStory\packages\agentkernel-distributed\agentkernel_distributed\mas\environment\base\component_base.py", line 124, in forward
    return await method_to_call(*args, **kwargs)
           ^^^^^^^^^^^^^^^^^^^^^^^^^^^^^^^^^^^^^
  File "D:\Research\OpenStory\packages\agentkernel-distributed\agentkernel_distributed\mas\environment\base\plugin_base.py", line 41, in save_to_db
    raise NotImplementedError(f"Plugin {self.__class__.__name__} does not implement 'save_to_db'")
NotImplementedError: Plugin BasicRelationPlugin does not implement 'save_to_db'
2026-04-01 23:07:24 | INFO     | PID:4380 | agentkernel_distributed.mas.environment.base.component_base:post_init:75 - Actor 'relation' and its plugins initialized.
2026-04-01 23:07:24 | INFO     | PID:42424 | agentkernel_distributed.mas.environment.base.component_base:post_init:75 - Actor 'relation' and its plugins initialized.
2026-04-01 23:07:24 | INFO     | PID:4380 | agentkernel_distributed.mas.environment.environment:post_init:60 - Environment Proxy: All components initialized.
2026-04-01 23:07:24 | INFO     | PID:9668 | agentkernel_distributed.mas.environment.base.component_base:post_init:75 - Actor 'relation' and its plugins initialized.
2026-04-01 23:07:24 | INFO     | PID:42424 | agentkernel_distributed.mas.environment.environment:post_init:60 - Environment Proxy: All components initialized.
2026-04-01 23:07:24 | INFO     | PID:9668 | agentkernel_distributed.mas.environment.environment:post_init:60 - Environment Proxy: All components initialized.
2026-04-01 23:07:24 | INFO     | PID:8880 | agentkernel_distributed.mas.environment.base.component_base:post_init:75 - Actor 'relation' and its plugins initialized.
2026-04-01 23:07:24 | INFO     | PID:43968 | agentkernel_distributed.mas.environment.base.component_base:post_init:75 - Actor 'relation' and its plugins initialized.
2026-04-01 23:07:24 | INFO     | PID:8880 | agentkernel_distributed.mas.environment.environment:post_init:60 - Environment Proxy: All components initialized.
2026-04-01 23:07:24 | INFO     | PID:43968 | agentkernel_distributed.mas.environment.environment:post_init:60 - Environment Proxy: All components initialized.
2026-04-01 23:07:24 | INFO     | PID:47240 | agentkernel_distributed.mas.environment.base.component_base:post_init:75 - Actor 'relation' and its plugins initialized.
2026-04-01 23:07:24 | INFO     | PID:47240 | agentkernel_distributed.mas.environment.environment:post_init:60 - Environment Proxy: All components initialized.
2026-04-10 16:38:13 | INFO     | PID:557148 | agentkernel_distributed.mas.environment.base.component_base:init:67 - Plugin 'BasicRelationPlugin' for component 'relation' initialized successfully.
2026-04-10 16:38:13 | INFO     | PID:566008 | agentkernel_distributed.mas.environment.base.component_base:init:67 - Plugin 'BasicRelationPlugin' for component 'relation' initialized successfully.
2026-04-10 16:38:13 | INFO     | PID:559228 | agentkernel_distributed.mas.environment.base.component_base:init:67 - Plugin 'BasicRelationPlugin' for component 'relation' initialized successfully.
2026-04-10 16:38:13 | INFO     | PID:568312 | agentkernel_distributed.mas.environment.base.component_base:init:67 - Plugin 'BasicRelationPlugin' for component 'relation' initialized successfully.
2026-04-10 16:38:13 | INFO     | PID:568160 | agentkernel_distributed.mas.environment.base.component_base:init:67 - Plugin 'BasicRelationPlugin' for component 'relation' initialized successfully.
2026-04-10 16:38:13 | INFO     | PID:573952 | agentkernel_distributed.mas.environment.base.component_base:init:67 - Plugin 'BasicRelationPlugin' for component 'relation' initialized successfully.
2026-04-10 16:38:13 | INFO     | PID:557148 | agentkernel_distributed.mas.environment.environment:save_to_db:82 - Environment Proxy: Saving state for 1 components...
2026-04-10 16:38:13 | ERROR    | PID:557148 | agentkernel_distributed.mas.environment.environment:save_to_db:89 - Environment Proxy: Error during concurrent component save: Plugin BasicRelationPlugin does not implement 'save_to_db'
Traceback (most recent call last):
  File "D:\Research\OpenStory\packages\agentkernel-distributed\agentkernel_distributed\mas\environment\environment.py", line 86, in save_to_db
    await asyncio.gather(*save_tasks)
  File "D:\Research\OpenStory\packages\agentkernel-distributed\agentkernel_distributed\mas\environment\base\component_base.py", line 124, in forward
    return await method_to_call(*args, **kwargs)
           ^^^^^^^^^^^^^^^^^^^^^^^^^^^^^^^^^^^^^
  File "D:\Research\OpenStory\packages\agentkernel-distributed\agentkernel_distributed\mas\environment\base\plugin_base.py", line 41, in save_to_db
    raise NotImplementedError(f"Plugin {self.__class__.__name__} does not implement 'save_to_db'")
NotImplementedError: Plugin BasicRelationPlugin does not implement 'save_to_db'
2026-04-10 16:38:16 | INFO     | PID:573952 | agentkernel_distributed.mas.environment.base.component_base:post_init:75 - Actor 'relation' and its plugins initialized.
2026-04-10 16:38:16 | INFO     | PID:573952 | agentkernel_distributed.mas.environment.environment:post_init:60 - Environment Proxy: All components initialized.
2026-04-10 16:38:16 | INFO     | PID:557148 | agentkernel_distributed.mas.environment.base.component_base:post_init:75 - Actor 'relation' and its plugins initialized.
2026-04-10 16:38:16 | INFO     | PID:557148 | agentkernel_distributed.mas.environment.environment:post_init:60 - Environment Proxy: All components initialized.
2026-04-10 16:38:16 | INFO     | PID:566008 | agentkernel_distributed.mas.environment.base.component_base:post_init:75 - Actor 'relation' and its plugins initialized.
2026-04-10 16:38:16 | INFO     | PID:566008 | agentkernel_distributed.mas.environment.environment:post_init:60 - Environment Proxy: All components initialized.
2026-04-10 16:38:16 | INFO     | PID:559228 | agentkernel_distributed.mas.environment.base.component_base:post_init:75 - Actor 'relation' and its plugins initialized.
2026-04-10 16:38:16 | INFO     | PID:559228 | agentkernel_distributed.mas.environment.environment:post_init:60 - Environment Proxy: All components initialized.
2026-04-10 16:38:16 | INFO     | PID:568160 | agentkernel_distributed.mas.environment.base.component_base:post_init:75 - Actor 'relation' and its plugins initialized.
2026-04-10 16:38:16 | INFO     | PID:568160 | agentkernel_distributed.mas.environment.environment:post_init:60 - Environment Proxy: All components initialized.
2026-04-10 16:38:16 | INFO     | PID:568312 | agentkernel_distributed.mas.environment.base.component_base:post_init:75 - Actor 'relation' and its plugins initialized.
2026-04-10 16:38:16 | INFO     | PID:568312 | agentkernel_distributed.mas.environment.environment:post_init:60 - Environment Proxy: All components initialized.
2026-04-10 17:06:24 | INFO     | PID:517456 | agentkernel_distributed.mas.environment.base.component_base:init:67 - Plugin 'BasicRelationPlugin' for component 'relation' initialized successfully.
2026-04-10 17:06:24 | INFO     | PID:552224 | agentkernel_distributed.mas.environment.base.component_base:init:67 - Plugin 'BasicRelationPlugin' for component 'relation' initialized successfully.
2026-04-10 17:06:24 | INFO     | PID:560756 | agentkernel_distributed.mas.environment.base.component_base:init:67 - Plugin 'BasicRelationPlugin' for component 'relation' initialized successfully.
2026-04-10 17:06:24 | INFO     | PID:556072 | agentkernel_distributed.mas.environment.base.component_base:init:67 - Plugin 'BasicRelationPlugin' for component 'relation' initialized successfully.
2026-04-10 17:06:24 | INFO     | PID:573996 | agentkernel_distributed.mas.environment.base.component_base:init:67 - Plugin 'BasicRelationPlugin' for component 'relation' initialized successfully.
2026-04-10 17:06:24 | INFO     | PID:565008 | agentkernel_distributed.mas.environment.base.component_base:init:67 - Plugin 'BasicRelationPlugin' for component 'relation' initialized successfully.
2026-04-10 17:06:24 | INFO     | PID:517456 | agentkernel_distributed.mas.environment.environment:save_to_db:82 - Environment Proxy: Saving state for 1 components...
2026-04-10 17:06:24 | ERROR    | PID:517456 | agentkernel_distributed.mas.environment.environment:save_to_db:89 - Environment Proxy: Error during concurrent component save: Plugin BasicRelationPlugin does not implement 'save_to_db'
Traceback (most recent call last):
  File "D:\Research\OpenStory\packages\agentkernel-distributed\agentkernel_distributed\mas\environment\environment.py", line 86, in save_to_db
    await asyncio.gather(*save_tasks)
  File "D:\Research\OpenStory\packages\agentkernel-distributed\agentkernel_distributed\mas\environment\base\component_base.py", line 124, in forward
    return await method_to_call(*args, **kwargs)
           ^^^^^^^^^^^^^^^^^^^^^^^^^^^^^^^^^^^^^
  File "D:\Research\OpenStory\packages\agentkernel-distributed\agentkernel_distributed\mas\environment\base\plugin_base.py", line 41, in save_to_db
    raise NotImplementedError(f"Plugin {self.__class__.__name__} does not implement 'save_to_db'")
NotImplementedError: Plugin BasicRelationPlugin does not implement 'save_to_db'
2026-04-10 18:28:15 | INFO     | PID:150204 | agentkernel_distributed.mas.environment.base.component_base:init:67 - Plugin 'BasicRelationPlugin' for component 'relation' initialized successfully.
2026-04-10 18:28:15 | INFO     | PID:158096 | agentkernel_distributed.mas.environment.base.component_base:init:67 - Plugin 'BasicRelationPlugin' for component 'relation' initialized successfully.
2026-04-10 18:28:15 | INFO     | PID:12148 | agentkernel_distributed.mas.environment.base.component_base:init:67 - Plugin 'BasicRelationPlugin' for component 'relation' initialized successfully.
2026-04-10 18:28:15 | INFO     | PID:28768 | agentkernel_distributed.mas.environment.base.component_base:init:67 - Plugin 'BasicRelationPlugin' for component 'relation' initialized successfully.
2026-04-10 18:28:15 | INFO     | PID:158776 | agentkernel_distributed.mas.environment.base.component_base:init:67 - Plugin 'BasicRelationPlugin' for component 'relation' initialized successfully.
2026-04-10 18:28:17 | INFO     | PID:165688 | agentkernel_distributed.mas.environment.base.component_base:init:67 - Plugin 'BasicRelationPlugin' for component 'relation' initialized successfully.
2026-04-10 18:28:17 | INFO     | PID:158096 | agentkernel_distributed.mas.environment.environment:save_to_db:82 - Environment Proxy: Saving state for 1 components...
2026-04-10 18:28:17 | ERROR    | PID:158096 | agentkernel_distributed.mas.environment.environment:save_to_db:89 - Environment Proxy: Error during concurrent component save: Plugin BasicRelationPlugin does not implement 'save_to_db'
Traceback (most recent call last):
  File "C:\Users\ziyji\Desktop\proj\OpenStory\packages\agentkernel-distributed\agentkernel_distributed\mas\environment\environment.py", line 86, in save_to_db
    await asyncio.gather(*save_tasks)
  File "C:\Users\ziyji\Desktop\proj\OpenStory\packages\agentkernel-distributed\agentkernel_distributed\mas\environment\base\component_base.py", line 124, in forward
    return await method_to_call(*args, **kwargs)
           ^^^^^^^^^^^^^^^^^^^^^^^^^^^^^^^^^^^^^
  File "C:\Users\ziyji\Desktop\proj\OpenStory\packages\agentkernel-distributed\agentkernel_distributed\mas\environment\base\plugin_base.py", line 41, in save_to_db
    raise NotImplementedError(f"Plugin {self.__class__.__name__} does not implement 'save_to_db'")
NotImplementedError: Plugin BasicRelationPlugin does not implement 'save_to_db'
2026-04-10 18:28:22 | INFO     | PID:158096 | agentkernel_distributed.mas.environment.base.component_base:post_init:75 - Actor 'relation' and its plugins initialized.
2026-04-10 18:28:22 | INFO     | PID:158096 | agentkernel_distributed.mas.environment.environment:post_init:60 - Environment Proxy: All components initialized.
2026-04-10 18:28:22 | INFO     | PID:165688 | agentkernel_distributed.mas.environment.base.component_base:post_init:75 - Actor 'relation' and its plugins initialized.
2026-04-10 18:28:22 | INFO     | PID:165688 | agentkernel_distributed.mas.environment.environment:post_init:60 - Environment Proxy: All components initialized.
2026-04-10 18:28:22 | INFO     | PID:158776 | agentkernel_distributed.mas.environment.base.component_base:post_init:75 - Actor 'relation' and its plugins initialized.
2026-04-10 18:28:22 | INFO     | PID:158776 | agentkernel_distributed.mas.environment.environment:post_init:60 - Environment Proxy: All components initialized.
2026-04-10 18:28:22 | INFO     | PID:150204 | agentkernel_distributed.mas.environment.base.component_base:post_init:75 - Actor 'relation' and its plugins initialized.
2026-04-10 18:28:22 | INFO     | PID:150204 | agentkernel_distributed.mas.environment.environment:post_init:60 - Environment Proxy: All components initialized.
2026-04-10 18:28:22 | INFO     | PID:12148 | agentkernel_distributed.mas.environment.base.component_base:post_init:75 - Actor 'relation' and its plugins initialized.
2026-04-10 18:28:22 | INFO     | PID:12148 | agentkernel_distributed.mas.environment.environment:post_init:60 - Environment Proxy: All components initialized.
2026-04-10 18:28:22 | INFO     | PID:28768 | agentkernel_distributed.mas.environment.base.component_base:post_init:75 - Actor 'relation' and its plugins initialized.
2026-04-10 18:28:22 | INFO     | PID:28768 | agentkernel_distributed.mas.environment.environment:post_init:60 - Environment Proxy: All components initialized.
